# JRE version: Java(TM) SE Runtime Environment (7.0_67-b01) (build 1.7.0_67-b01)
# Java VM: Java HotSpot(TM) 64-Bit Server VM (24.65-b04 mixed mode linux-amd64 compressed oops)
Heap
 PSYoungGen      total 70656K, used 4562K [0x00000007d5500000, 0x00000007da300000, 0x0000000800000000)
  eden space 61952K, 0% used [0x00000007d5500000,0x00000007d5500000,0x00000007d9180000)
  from space 8704K, 52% used [0x00000007d9180000,0x00000007d95f4b58,0x00000007d9a00000)
  to   space 8192K, 0% used [0x00000007d9a00000,0x00000007d9a00000,0x00000007da200000)
 ParOldGen       total 84992K, used 8042K [0x0000000780000000, 0x0000000785300000, 0x00000007d5500000)
  object space 84992K, 9% used [0x0000000780000000,0x00000007807dab10,0x0000000785300000)
 PSPermGen       total 28672K, used 28578K [0x0000000760000000, 0x0000000761c00000, 0x0000000780000000)
  object space 28672K, 99% used [0x0000000760000000,0x0000000761be89a8,0x0000000761c00000)
GC Heap History (10 events):
Event: 64.044 GC heap after
Heap after GC invocations=4 (full 0):
 PSYoungGen      total 37888K, used 5098K [0x00000007d5500000, 0x00000007d7f00000, 0x0000000800000000)
  eden space 32768K, 0% used [0x00000007d5500000,0x00000007d5500000,0x00000007d7500000)
  from space 5120K, 99% used [0x00000007d7a00000,0x00000007d7efa9b8,0x00000007d7f00000)
  to   space 5120K, 0% used [0x00000007d7500000,0x00000007d7500000,0x00000007d7a00000)
 ParOldGen       total 84992K, used 1135K [0x0000000780000000, 0x0000000785300000, 0x00000007d5500000)
  object space 84992K, 1% used [0x0000000780000000,0x000000078011bd88,0x0000000785300000)
 PSPermGen       total 21504K, used 14223K [0x0000000760000000, 0x0000000761500000, 0x0000000780000000)
  object space 21504K, 66% used [0x0000000760000000,0x0000000760de3ea8,0x0000000761500000)
}
Event: 73.941 GC heap before
{Heap before GC invocations=5 (full 0):
 PSYoungGen      total 37888K, used 37866K [0x00000007d5500000, 0x00000007d7f00000, 0x0000000800000000)
  eden space 32768K, 100% used [0x00000007d5500000,0x00000007d7500000,0x00000007d7500000)
  from space 5120K, 99% used [0x00000007d7a00000,0x00000007d7efa9b8,0x00000007d7f00000)
  to   space 5120K, 0% used [0x00000007d7500000,0x00000007d7500000,0x00000007d7a00000)
 ParOldGen       total 84992K, used 1135K [0x0000000780000000, 0x0000000785300000, 0x00000007d5500000)
  object space 84992K, 1% used [0x0000000780000000,0x000000078011bd88,0x0000000785300000)
 PSPermGen       total 21504K, used 16792K [0x0000000760000000, 0x0000000761500000, 0x0000000780000000)
  object space 21504K, 78% used [0x0000000760000000,0x0000000761066348,0x0000000761500000)
Event: 74.053 GC heap after
Heap after GC invocations=5 (full 0):
 PSYoungGen      total 37376K, used 5092K [0x00000007d5500000, 0x00000007d8280000, 0x0000000800000000)
  eden space 32256K, 0% used [0x00000007d5500000,0x00000007d5500000,0x00000007d7480000)
  from space 5120K, 99% used [0x00000007d7500000,0x00000007d79f93f0,0x00000007d7a00000)
  to   space 7168K, 0% used [0x00000007d7b80000,0x00000007d7b80000,0x00000007d8280000)
 ParOldGen       total 84992K, used 2743K [0x0000000780000000, 0x0000000785300000, 0x00000007d5500000)
  object space 84992K, 3% used [0x0000000780000000,0x00000007802ade50,0x0000000785300000)
 PSPermGen       total 21504K, used 16792K [0x0000000760000000, 0x0000000761500000, 0x0000000780000000)
  object space 21504K, 78% used [0x0000000760000000,0x0000000761066348,0x0000000761500000)
}
Event: 82.638 GC heap before
{Heap before GC invocations=6 (full 0):
 PSYoungGen      total 37376K, used 37348K [0x00000007d5500000, 0x00000007d8280000, 0x0000000800000000)
  eden space 32256K, 100% used [0x00000007d5500000,0x00000007d7480000,0x00000007d7480000)
  from space 5120K, 99% used [0x00000007d7500000,0x00000007d79f93f0,0x00000007d7a00000)
  to   space 7168K, 0% used [0x00000007d7b80000,0x00000007d7b80000,0x00000007d8280000)
 ParOldGen       total 84992K, used 2743K [0x0000000780000000, 0x0000000785300000, 0x00000007d5500000)
  object space 84992K, 3% used [0x0000000780000000,0x00000007802ade50,0x0000000785300000)
 PSPermGen       total 21504K, used 19661K [0x0000000760000000, 0x0000000761500000, 0x0000000780000000)
  object space 21504K, 91% used [0x0000000760000000,0x0000000761333400,0x0000000761500000)
Event: 82.809 GC heap after
Heap after GC invocations=6 (full 0):
 PSYoungGen      total 38400K, used 7141K [0x00000007d5500000, 0x00000007d8400000, 0x0000000800000000)
  eden space 31232K, 0% used [0x00000007d5500000,0x00000007d5500000,0x00000007d7380000)
  from space 7168K, 99% used [0x00000007d7b80000,0x00000007d82795a8,0x00000007d8280000)
  to   space 8192K, 0% used [0x00000007d7380000,0x00000007d7380000,0x00000007d7b80000)
 ParOldGen       total 84992K, used 3264K [0x0000000780000000, 0x0000000785300000, 0x00000007d5500000)
  object space 84992K, 3% used [0x0000000780000000,0x0000000780330188,0x0000000785300000)
 PSPermGen       total 21504K, used 19661K [0x0000000760000000, 0x0000000761500000, 0x0000000780000000)
  object space 21504K, 91% used [0x0000000760000000,0x0000000761333400,0x0000000761500000)
}
Event: 88.324 GC heap before
{Heap before GC invocations=7 (full 0):
 PSYoungGen      total 38400K, used 38373K [0x00000007d5500000, 0x00000007d8400000, 0x0000000800000000)
  eden space 31232K, 100% used [0x00000007d5500000,0x00000007d7380000,0x00000007d7380000)
  from space 7168K, 99% used [0x00000007d7b80000,0x00000007d82795a8,0x00000007d8280000)
  to   space 8192K, 0% used [0x00000007d7380000,0x00000007d7380000,0x00000007d7b80000)
 ParOldGen       total 84992K, used 3264K [0x0000000780000000, 0x0000000785300000, 0x00000007d5500000)
  object space 84992K, 3% used [0x0000000780000000,0x0000000780330188,0x0000000785300000)
 PSPermGen       total 23040K, used 22852K [0x0000000760000000, 0x0000000761680000, 0x0000000780000000)
  object space 23040K, 99% used [0x0000000760000000,0x00000007616512b8,0x0000000761680000)
Event: 88.426 GC heap after
Heap after GC invocations=7 (full 0):
 PSYoungGen      total 39424K, used 4452K [0x00000007d5500000, 0x00000007da200000, 0x0000000800000000)
  eden space 31232K, 0% used [0x00000007d5500000,0x00000007d5500000,0x00000007d7380000)
  from space 8192K, 54% used [0x00000007d7380000,0x00000007d77d9308,0x00000007d7b80000)
  to   space 8192K, 0% used [0x00000007d9a00000,0x00000007d9a00000,0x00000007da200000)
 ParOldGen       total 84992K, used 6270K [0x0000000780000000, 0x0000000785300000, 0x00000007d5500000)
  object space 84992K, 7% used [0x0000000780000000,0x000000078061f828,0x0000000785300000)
 PSPermGen       total 23040K, used 22852K [0x0000000760000000, 0x0000000761680000, 0x0000000780000000)
  object space 23040K, 99% used [0x0000000760000000,0x00000007616512b8,0x0000000761680000)
}
Event: 98.450 GC heap before
{Heap before GC invocations=8 (full 0):
 PSYoungGen      total 39424K, used 35684K [0x00000007d5500000, 0x00000007da200000, 0x0000000800000000)
  eden space 31232K, 100% used [0x00000007d5500000,0x00000007d7380000,0x00000007d7380000)
  from space 8192K, 54% used [0x00000007d7380000,0x00000007d77d9308,0x00000007d7b80000)
  to   space 8192K, 0% used [0x00000007d9a00000,0x00000007d9a00000,0x00000007da200000)
 ParOldGen       total 84992K, used 6270K [0x0000000780000000, 0x0000000785300000, 0x00000007d5500000)
  object space 84992K, 7% used [0x0000000780000000,0x000000078061f828,0x0000000785300000)
 PSPermGen       total 25088K, used 24771K [0x0000000760000000, 0x0000000761880000, 0x0000000780000000)
  object space 25088K, 98% used [0x0000000760000000,0x0000000761830c00,0x0000000761880000)
Event: 98.533 GC heap after
Heap after GC invocations=8 (full 0):
 PSYoungGen      total 70144K, used 3167K [0x00000007d5500000, 0x00000007da300000, 0x0000000800000000)
  eden space 61952K, 0% used [0x00000007d5500000,0x00000007d5500000,0x00000007d9180000)
  from space 8192K, 38% used [0x00000007d9a00000,0x00000007d9d17d90,0x00000007da200000)
  to   space 8704K, 0% used [0x00000007d9180000,0x00000007d9180000,0x00000007d9a00000)
 ParOldGen       total 84992K, used 7138K [0x0000000780000000, 0x0000000785300000, 0x00000007d5500000)
  object space 84992K, 8% used [0x0000000780000000,0x00000007806f8af0,0x0000000785300000)
 PSPermGen       total 25088K, used 24771K [0x0000000760000000, 0x0000000761880000, 0x0000000780000000)
  object space 25088K, 98% used [0x0000000760000000,0x0000000761830c00,0x0000000761880000)
}
Event: 136.219 GC heap before
{Heap before GC invocations=9 (full 0):
 PSYoungGen      total 70144K, used 65119K [0x00000007d5500000, 0x00000007da300000, 0x0000000800000000)
  eden space 61952K, 100% used [0x00000007d5500000,0x00000007d9180000,0x00000007d9180000)
  from space 8192K, 38% used [0x00000007d9a00000,0x00000007d9d17d90,0x00000007da200000)
  to   space 8704K, 0% used [0x00000007d9180000,0x00000007d9180000,0x00000007d9a00000)
 ParOldGen       total 84992K, used 7138K [0x0000000780000000, 0x0000000785300000, 0x00000007d5500000)
  object space 84992K, 8% used [0x0000000780000000,0x00000007806f8af0,0x0000000785300000)
 PSPermGen       total 28672K, used 28578K [0x0000000760000000, 0x0000000761c00000, 0x0000000780000000)
  object space 28672K, 99% used [0x0000000760000000,0x0000000761be89a8,0x0000000761c00000)

