# JRE version: Java(TM) SE Runtime Environment (7.0_67-b01) (build 1.7.0_67-b01)
# Java VM: Java HotSpot(TM) 64-Bit Server VM (24.65-b04 mixed mode linux-amd64 compressed oops)
Heap
 PSYoungGen      total 37888K, used 4886K [0x00000007d5500000, 0x00000007d7f00000, 0x0000000800000000)
  eden space 32768K, 0% used [0x00000007d5500000,0x00000007d5500000,0x00000007d7500000)
  from space 5120K, 95% used [0x00000007d7a00000,0x00000007d7ec5bf8,0x00000007d7f00000)
  to   space 5120K, 0% used [0x00000007d7500000,0x00000007d7500000,0x00000007d7a00000)
 ParOldGen       total 84992K, used 8K [0x0000000780000000, 0x0000000785300000, 0x00000007d5500000)
  object space 84992K, 0% used [0x0000000780000000,0x0000000780002000,0x0000000785300000)
 PSPermGen       total 21504K, used 9463K [0x0000000760000000, 0x0000000761500000, 0x0000000780000000)
  object space 21504K, 44% used [0x0000000760000000,0x000000076093dce0,0x0000000761500000)
GC Heap History (3 events):
Event: 36.684 GC heap before
{Heap before GC invocations=1 (full 0):
 PSYoungGen      total 37888K, used 32768K [0x00000007d5500000, 0x00000007d7f00000, 0x0000000800000000)
  eden space 32768K, 100% used [0x00000007d5500000,0x00000007d7500000,0x00000007d7500000)
  from space 5120K, 0% used [0x00000007d7a00000,0x00000007d7a00000,0x00000007d7f00000)
  to   space 5120K, 0% used [0x00000007d7500000,0x00000007d7500000,0x00000007d7a00000)
 ParOldGen       total 84992K, used 0K [0x0000000780000000, 0x0000000785300000, 0x00000007d5500000)
  object space 84992K, 0% used [0x0000000780000000,0x0000000780000000,0x0000000785300000)
 PSPermGen       total 21504K, used 7409K [0x0000000760000000, 0x0000000761500000, 0x0000000780000000)
  object space 21504K, 34% used [0x0000000760000000,0x000000076073c400,0x0000000761500000)
Event: 36.717 GC heap after
Heap after GC invocations=1 (full 0):
 PSYoungGen      total 37888K, used 4786K [0x00000007d5500000, 0x00000007d7f00000, 0x0000000800000000)
  eden space 32768K, 0% used [0x00000007d5500000,0x00000007d5500000,0x00000007d7500000)
  from space 5120K, 93% used [0x00000007d7500000,0x00000007d79acbe8,0x00000007d7a00000)
  to   space 5120K, 0% used [0x00000007d7a00000,0x00000007d7a00000,0x00000007d7f00000)
 ParOldGen       total 84992K, used 8K [0x0000000780000000, 0x0000000785300000, 0x00000007d5500000)
  object space 84992K, 0% used [0x0000000780000000,0x0000000780002000,0x0000000785300000)
 PSPermGen       total 21504K, used 7409K [0x0000000760000000, 0x0000000761500000, 0x0000000780000000)
  object space 21504K, 34% used [0x0000000760000000,0x000000076073c400,0x0000000761500000)
}
Event: 52.558 GC heap before
{Heap before GC invocations=2 (full 0):
 PSYoungGen      total 37888K, used 37554K [0x00000007d5500000, 0x00000007d7f00000, 0x0000000800000000)
  eden space 32768K, 100% used [0x00000007d5500000,0x00000007d7500000,0x00000007d7500000)
  from space 5120K, 93% used [0x00000007d7500000,0x00000007d79acbe8,0x00000007d7a00000)
  to   space 5120K, 0% used [0x00000007d7a00000,0x00000007d7a00000,0x00000007d7f00000)
 ParOldGen       total 84992K, used 8K [0x0000000780000000, 0x0000000785300000, 0x00000007d5500000)
  object space 84992K, 0% used [0x0000000780000000,0x0000000780002000,0x0000000785300000)
 PSPermGen       total 21504K, used 9463K [0x0000000760000000, 0x0000000761500000, 0x0000000780000000)
  object space 21504K, 44% used [0x0000000760000000,0x000000076093dce0,0x0000000761500000)

